#
# A fatal error has been detected by the Java Runtime Environment:
#
#  EXCEPTION_ACCESS_VIOLATION (0xc0000005) at pc=0x00007fff7567b7f6, pid=12976, tid=16576
#
# JRE version: OpenJDK Runtime Environment (11.0.7+10) (build 11.0.7+10-LTS)
# Java VM: OpenJDK 64-Bit Server VM (11.0.7+10-LTS, mixed mode, tiered, compressed oops, g1 gc, windows-amd64)
# Problematic frame:
# C  [glass.dll+0x1b7f6]
#
# No core dump will be written. Minidumps are not enabled by default on client versions of Windows
#
# If you would like to submit a bug report, please visit:
#   http://bugreport.java.com/bugreport/crash.jsp
# The crash happened outside the Java Virtual Machine in native code.
# See problematic frame for where to report the bug.
#

---------------  S U M M A R Y ------------

Command Line: -javaagent:D:\IntelliJ IDEA 2019.3.3\lib\idea_rt.jar=59617:D:\IntelliJ IDEA 2019.3.3\bin -Dfile.encoding=UTF-8 --module-path=F:\HISHAM_CSE  ASUS\CSE L-1,T-2\CSE 108 SESSIONAL\CSE 108 SESSIONAL\Week 10\1805004\Client\out\production\Client;F:\[FreeCourseSite.com] Udemy - Java Programming Masterclass for Software Developers\JAVA MASTERCLASS PERSONAL CODES\SECTION13\javafx-sdk-11.0.2\lib\javafx-swt.jar;F:\[FreeCourseSite.com] Udemy - Java Programming Masterclass for Software Developers\JAVA MASTERCLASS PERSONAL CODES\SECTION13\javafx-sdk-11.0.2\lib\javafx.base.jar;F:\[FreeCourseSite.com] Udemy - Java Programming Masterclass for Software Developers\JAVA MASTERCLASS PERSONAL CODES\SECTION13\javafx-sdk-11.0.2\lib\javafx.controls.jar;F:\[FreeCourseSite.com] Udemy - Java Programming Masterclass for Software Developers\JAVA MASTERCLASS PERSONAL CODES\SECTION13\javafx-sdk-11.0.2\lib\javafx.fxml.jar;F:\[FreeCourseSite.com] Udemy - Java Programming Masterclass for Software Developers\JAVA MASTERCLASS PERSONAL CODES\SECTION13\javafx-sdk-11.0.2\lib\javafx.graphics.jar;F:\[FreeCourseSite.com] Udemy - Java Programming Masterclass for Software Developers\JAVA MASTERCLASS PERSONAL CODES\SECTION13\javafx-sdk-11.0.2\lib\javafx.media.jar;F:\[FreeCourseSite.com] Udemy - Java Programming Masterclass for Software Developers\JAVA MASTERCLASS PERSONAL CODES\SECTION13\javafx-sdk-11.0.2\lib\javafx.swing.jar;F:\[FreeCourseSite.com] Udemy - Java Programming Masterclass for Software Developers\JAVA MASTERCLASS PERSONAL CODES\SECTION13\javafx-sdk-11.0.2\lib\javafx.web.jar;C:\Users\Asus\.m2\repository\io\github\typhon0\AnimateFX\1.2.1\AnimateFX-1.2.1.jar;F:\[FreeCourseSite.com] Udemy - Java Programming Masterclass for Software Developers\JAVA MASTERCLASS PERSONAL CODES\SECTION13\fontawesomefx-8.9.jar -Djdk.module.main=Client Client/sample.Main

Host: Intel(R) Core(TM) i7-8750H CPU @ 2.20GHz, 12 cores, 7G,  Windows 10 , 64 bit Build 19041 (10.0.19041.546)
Time: Thu Dec 10 05:08:43 2020 Bangladesh Standard Time elapsed time: 12 seconds (0d 0h 0m 12s)

---------------  T H R E A D  ---------------

Current thread (0x000002b627cd9000):  JavaThread "JavaFX Application Thread" [_thread_in_native, id=16576, stack(0x000000cafb500000,0x000000cafb600000)]

Stack: [0x000000cafb500000,0x000000cafb600000],  sp=0x000000cafb5fc040,  free space=1008k
Native frames: (J=compiled Java code, j=interpreted, Vv=VM code, C=native code)
C  [glass.dll+0x1b7f6]

Java frames: (J=compiled Java code, j=interpreted, Vv=VM code)
j  com.sun.glass.ui.win.WinWindow._close(J)Z+0 javafx.graphics
j  com.sun.glass.ui.Window.close()V+63 javafx.graphics
j  com.sun.glass.ui.win.WinWindow.close()V+8 javafx.graphics
j  com.sun.glass.ui.Application.terminate()V+75 javafx.graphics
j  com.sun.javafx.tk.quantum.QuantumToolkit.lambda$exit$13()Ljava/lang/Object;+5 javafx.graphics
j  com.sun.javafx.tk.quantum.QuantumToolkit$$Lambda$478.get()Ljava/lang/Object;+0 javafx.graphics
j  com.sun.javafx.tk.quantum.QuantumToolkit.runWithRenderLock(Ljava/util/function/Supplier;)Ljava/lang/Object;+7 javafx.graphics
j  com.sun.javafx.tk.quantum.QuantumToolkit.exit()V+26 javafx.graphics
j  com.sun.javafx.application.PlatformImpl.lambda$tkExit$16()V+3 javafx.graphics
j  com.sun.javafx.application.PlatformImpl$$Lambda$477.run()V+0 javafx.graphics
j  com.sun.javafx.application.PlatformImpl.lambda$runAndWait$12(Ljava/lang/Runnable;Ljava/util/concurrent/CountDownLatch;)V+1 javafx.graphics
j  com.sun.javafx.application.PlatformImpl$$Lambda$111.run()V+8 javafx.graphics
j  com.sun.javafx.application.PlatformImpl.lambda$runLater$10(Ljava/lang/Runnable;)Ljava/lang/Void;+1 javafx.graphics
j  com.sun.javafx.application.PlatformImpl$$Lambda$113.run()Ljava/lang/Object;+4 javafx.graphics
v  ~StubRoutines::call_stub
J 2483  java.security.AccessController.doPrivileged(Ljava/security/PrivilegedAction;Ljava/security/AccessControlContext;)Ljava/lang/Object; java.base@11.0.7 (0 bytes) @ 0x000002b617f2aaa6 [0x000002b617f2aa40+0x0000000000000066]
j  com.sun.javafx.application.PlatformImpl.lambda$runLater$11(Ljava/lang/Runnable;Ljava/security/AccessControlContext;)V+7 javafx.graphics
j  com.sun.javafx.application.PlatformImpl$$Lambda$112.run()V+8 javafx.graphics
j  com.sun.glass.ui.InvokeLaterDispatcher$Future.run()V+4 javafx.graphics
v  ~StubRoutines::call_stub
j  com.sun.glass.ui.win.WinApplication._runLoop(Ljava/lang/Runnable;)V+0 javafx.graphics
j  com.sun.glass.ui.win.WinApplication.lambda$runLoop$3(ILjava/lang/Runnable;)V+8 javafx.graphics
j  com.sun.glass.ui.win.WinApplication$$Lambda$101.run()V+12 javafx.graphics
j  java.lang.Thread.run()V+11 java.base@11.0.7
v  ~StubRoutines::call_stub

siginfo: EXCEPTION_ACCESS_VIOLATION (0xc0000005), reading address 0x0000000000000130


Register to memory mapping:

RIP=0x00007fff7567b7f6 glass.dll
RAX=0x0 is NULL
RBX=0x0 is NULL
RCX=0x0 is NULL
RDX=0x0 is NULL
RSP=0x000000cafb5fc040 is pointing into the stack for thread: 0x000002b627cd9000
RBP=0x0 is NULL
RSI=0x000002b62834ba10 points into unknown readable memory: 48 8c 68 75 ff 7f 00 00
RDI=0x000000cafb5fc3b0 is pointing into the stack for thread: 0x000002b627cd9000
R8 =0x000000cafb5fc3b0 is pointing into the stack for thread: 0x000002b627cd9000
R9 =0x0 is NULL
R10=0x00007fff75688c48 glass.dll
R11=0x0000000000000246 is an unknown value
R12=0x0 is NULL
R13=0x0000000000000401 is an unknown value
R14=0x0 is NULL
R15=0x0 is NULL


Registers:
RAX=0x0000000000000000, RBX=0x0000000000000000, RCX=0x0000000000000000, RDX=0x0000000000000000
RSP=0x000000cafb5fc040, RBP=0x0000000000000000, RSI=0x000002b62834ba10, RDI=0x000000cafb5fc3b0
R8 =0x000000cafb5fc3b0, R9 =0x0000000000000000, R10=0x00007fff75688c48, R11=0x0000000000000246
R12=0x0000000000000000, R13=0x0000000000000401, R14=0x0000000000000000, R15=0x0000000000000000
RIP=0x00007fff7567b7f6, EFLAGS=0x0000000000010202

Top of Stack: (sp=0x000000cafb5fc040)
0x000000cafb5fc040:   0000000000000578 0000000000000000
0x000000cafb5fc050:   0000000000000000 000000cafb5fc060
0x000000cafb5fc060:   000000cafb5fc3b0 00007fff7567a231
0x000000cafb5fc070:   0000000000000401 000002b62834ba10
0x000000cafb5fc080:   0000000000000004 0000000000000000
0x000000cafb5fc090:   000000cafb5fc3b0 00007fff7566a2ad
0x000000cafb5fc0a0:   0000000000000401 00007fffa2019fe1
0x000000cafb5fc0b0:   00007fff2d778a00 000002b626ebbd01
0x000000cafb5fc0c0:   fffffffffffffffe 0000000088211020
0x000000cafb5fc0d0:   0000000000000000 00007fff75661808
0x000000cafb5fc0e0:   000002b62834ba10 000000cafb5fc3b0
0x000000cafb5fc0f0:   0000000000000401 0000000000c207c8
0x000000cafb5fc100:   0000000000000000 00007fffa201e858
0x000000cafb5fc110:   0000000000000001 000000cafb5fc300
0x000000cafb5fc120:   0000000000000000 0000000080000022
0x000000cafb5fc130:   000002b627cd9000 0000000000000000 

Instructions: (pc=0x00007fff7567b7f6)
0x00007fff7567b6f6:   85 c0 74 08 48 8b c8 e8 ee 00 00 00 48 c7 05 f3
0x00007fff7567b706:   16 02 00 00 00 00 00 48 83 c4 28 c3 cc cc cc cc
0x00007fff7567b716:   cc cc cc cc cc cc cc cc cc cc 48 89 5c 24 08 57
0x00007fff7567b726:   48 83 ec 30 48 8b fa 48 8b d9 48 39 91 30 01 00
0x00007fff7567b736:   00 0f 84 a5 00 00 00 e8 ae 00 00 00 48 8b 93 30
0x00007fff7567b746:   01 00 00 48 85 d2 75 04 48 8b 53 08 48 89 54 24
0x00007fff7567b756:   20 4c 8b c7 48 85 ff 75 04 4c 8b 43 08 48 8d 0d
0x00007fff7567b766:   56 f9 00 00 4c 89 44 24 28 e8 4c 7f fe ff 48 8b
0x00007fff7567b776:   4c 24 20 4c 8d 44 24 20 48 8d 15 db f7 ff ff ff
0x00007fff7567b786:   15 e5 0f 02 00 48 8b 05 4e 13 02 00 48 85 c0 75
0x00007fff7567b796:   04 33 c9 eb 03 8b 48 40 4c 8d 44 24 20 48 8d 15
0x00007fff7567b7a6:   f6 f7 ff ff ff 15 c8 0f 02 00 48 89 bb 30 01 00
0x00007fff7567b7b6:   00 e8 04 36 00 00 4c 8b 05 bd 16 02 00 48 8b c8
0x00007fff7567b7c6:   48 8b 93 c0 00 00 00 4c 8b cf e8 5b 98 fe ff e8
0x00007fff7567b7d6:   e6 35 00 00 48 8b c8 e8 fe 34 00 00 48 8b 5c 24
0x00007fff7567b7e6:   40 48 83 c4 30 5f c3 cc cc cc 40 57 48 83 ec 20
0x00007fff7567b7f6:   48 8b 81 30 01 00 00 48 8b f9 48 85 c0 75 04 48
0x00007fff7567b806:   8b 41 08 48 3b 05 f0 15 02 00 75 3b 48 89 5c 24
0x00007fff7567b816:   30 e8 a4 35 00 00 4c 8b 05 4d 16 02 00 48 8b c8
0x00007fff7567b826:   48 8b 97 c0 00 00 00 48 8b d8 e8 fb 97 fe ff 48
0x00007fff7567b836:   8b cb e8 a3 34 00 00 48 8b 5c 24 30 48 c7 05 b3
0x00007fff7567b846:   15 02 00 00 00 00 00 48 83 c4 20 5f c3 cc cc cc
0x00007fff7567b856:   cc cc cc cc cc cc cc cc cc cc 40 53 48 83 ec 50
0x00007fff7567b866:   48 8b 05 53 e9 01 00 48 33 c4 48 89 44 24 40 48
0x00007fff7567b876:   8b d9 48 8b 49 08 ff 15 66 0e 02 00 85 c0 0f 85
0x00007fff7567b886:   21 01 00 00 48 8b 4b 08 48 8d 54 24 30 ff 15 8f
0x00007fff7567b896:   0c 02 00 48 8b 4b 08 48 8d 54 24 20 ff 15 e8 0c
0x00007fff7567b8a6:   02 00 48 8b 4b 08 4c 8d 44 24 20 41 b9 02 00 00
0x00007fff7567b8b6:   00 33 d2 ff 15 d9 0c 02 00 8b 44 24 24 2b 44 24
0x00007fff7567b8c6:   34 44 8b 44 24 20 44 2b 44 24 30 8b 54 24 3c 2b
0x00007fff7567b8d6:   54 24 2c 8b 4c 24 38 2b 4c 24 28 89 83 1c 01 00
0x00007fff7567b8e6:   00 44 89 83 18 01 00 00 89 93 24 01 00 00 89 8b 


Stack slot to memory mapping:
stack at sp + 0 slots: 0x0000000000000578 is an unknown value
stack at sp + 1 slots: 0x0 is NULL
stack at sp + 2 slots: 0x0 is NULL
stack at sp + 3 slots: 0x000000cafb5fc060 is pointing into the stack for thread: 0x000002b627cd9000
stack at sp + 4 slots: 0x000000cafb5fc3b0 is pointing into the stack for thread: 0x000002b627cd9000
stack at sp + 5 slots: 0x00007fff7567a231 glass.dll
stack at sp + 6 slots: 0x0000000000000401 is an unknown value
stack at sp + 7 slots: 0x000002b62834ba10 points into unknown readable memory: 48 8c 68 75 ff 7f 00 00


---------------  P R O C E S S  ---------------

Threads class SMR info:
_java_thread_list=0x000002b628b8d180, length=18, elements={
0x000002b607ccb800, 0x000002b626fb1000, 0x000002b626fde000, 0x000002b626fec000,
0x000002b626fef000, 0x000002b626ff0000, 0x000002b626ff2800, 0x000002b626ff3800,
0x000002b626f6b000, 0x000002b627e27000, 0x000002b627f43800, 0x000002b628ffe000,
0x000002b628e80000, 0x000002b627cd9000, 0x000002b628a02000, 0x000002b6287f7800,
0x000002b629d63800, 0x000002b62fbfb000
}

Java Threads: ( => current thread )
  0x000002b607ccb800 JavaThread "main" [_thread_blocked, id=11124, stack(0x000000caf9f00000,0x000000cafa000000)]
  0x000002b626fb1000 JavaThread "Reference Handler" daemon [_thread_blocked, id=12388, stack(0x000000cafa600000,0x000000cafa700000)]
  0x000002b626fde000 JavaThread "Finalizer" daemon [_thread_blocked, id=17900, stack(0x000000cafa700000,0x000000cafa800000)]
  0x000002b626fec000 JavaThread "Signal Dispatcher" daemon [_thread_blocked, id=11696, stack(0x000000cafa800000,0x000000cafa900000)]
  0x000002b626fef000 JavaThread "Attach Listener" daemon [_thread_blocked, id=26324, stack(0x000000cafa900000,0x000000cafaa00000)]
  0x000002b626ff0000 JavaThread "C2 CompilerThread0" daemon [_thread_blocked, id=18688, stack(0x000000cafaa00000,0x000000cafab00000)]
  0x000002b626ff2800 JavaThread "C1 CompilerThread0" daemon [_thread_blocked, id=22084, stack(0x000000cafab00000,0x000000cafac00000)]
  0x000002b626ff3800 JavaThread "Sweeper thread" daemon [_thread_blocked, id=23604, stack(0x000000cafac00000,0x000000cafad00000)]
  0x000002b626f6b000 JavaThread "Common-Cleaner" daemon [_thread_blocked, id=17632, stack(0x000000cafad00000,0x000000cafae00000)]
  0x000002b627e27000 JavaThread "Monitor Ctrl-Break" daemon [_thread_in_native, id=22232, stack(0x000000cafb000000,0x000000cafb100000)]
  0x000002b627f43800 JavaThread "Service Thread" daemon [_thread_blocked, id=18556, stack(0x000000cafb100000,0x000000cafb200000)]
  0x000002b628ffe000 JavaThread "QuantumRenderer-0" daemon [_thread_blocked, id=21032, stack(0x000000cafb300000,0x000000cafb400000)]
  0x000002b628e80000 JavaThread "InvokeLaterDispatcher" daemon [_thread_blocked, id=24756, stack(0x000000cafb400000,0x000000cafb500000)]
=>0x000002b627cd9000 JavaThread "JavaFX Application Thread" [_thread_in_native, id=16576, stack(0x000000cafb500000,0x000000cafb600000)]
  0x000002b628a02000 JavaThread "Thread-1" daemon [_thread_in_native, id=13688, stack(0x000000cafb700000,0x000000cafb800000)]
  0x000002b6287f7800 JavaThread "JavaFX-Launcher" [_thread_blocked, id=2536, stack(0x000000cafb800000,0x000000cafb900000)]
  0x000002b629d63800 JavaThread "Prism Font Disposer" daemon [_thread_blocked, id=17580, stack(0x000000cafc300000,0x000000cafc400000)]
  0x000002b62fbfb000 JavaThread "Cleaner-0" daemon [_thread_blocked, id=18944, stack(0x000000cafb900000,0x000000cafba00000)]

Other Threads:
  0x000002b626faf800 VMThread "VM Thread" [stack: 0x000000cafa500000,0x000000cafa600000] [id=21932]
  0x000002b627dff800 WatcherThread [stack: 0x000000cafb200000,0x000000cafb300000] [id=4760]
  0x000002b607ce3000 GCTaskThread "GC Thread#0" [stack: 0x000000cafa000000,0x000000cafa100000] [id=12768]
  0x000002b6284ca800 GCTaskThread "GC Thread#1" [stack: 0x000000cafba00000,0x000000cafbb00000] [id=24892]
  0x000002b6290f3000 GCTaskThread "GC Thread#2" [stack: 0x000000cafbb00000,0x000000cafbc00000] [id=2936]
  0x000002b628d5a800 GCTaskThread "GC Thread#3" [stack: 0x000000cafbc00000,0x000000cafbd00000] [id=26048]
  0x000002b628bc6000 GCTaskThread "GC Thread#4" [stack: 0x000000cafbd00000,0x000000cafbe00000] [id=19204]
  0x000002b628bc2800 GCTaskThread "GC Thread#5" [stack: 0x000000cafbe00000,0x000000cafbf00000] [id=23984]
  0x000002b607d17000 ConcurrentGCThread "G1 Main Marker" [stack: 0x000000cafa100000,0x000000cafa200000] [id=15368]
  0x000002b607d18800 ConcurrentGCThread "G1 Conc#0" [stack: 0x000000cafa200000,0x000000cafa300000] [id=17604]
  0x000002b628bc6800 ConcurrentGCThread "G1 Conc#1" [stack: 0x000000cafc400000,0x000000cafc500000] [id=20108]
  0x000002b628bc3800 ConcurrentGCThread "G1 Conc#2" [stack: 0x000000cafc500000,0x000000cafc600000] [id=18220]
  0x000002b607dae800 ConcurrentGCThread "G1 Refine#0" [stack: 0x000000cafa300000,0x000000cafa400000] [id=11172]
  0x000002b626e18800 ConcurrentGCThread "G1 Young RemSet Sampling" [stack: 0x000000cafa400000,0x000000cafa500000] [id=18844]

Threads with active compile tasks:

VM state:not at safepoint (normal execution)

VM Mutex/Monitor currently owned by a thread: None

Heap address: 0x0000000082400000, size: 2012 MB, Compressed Oops mode: 32-bit
Narrow klass base: 0x0000000000000000, Narrow klass shift: 3
Compressed class space size: 1073741824 Address: 0x0000000100000000

Heap:
 garbage-first heap   total 129024K, used 32039K [0x0000000082400000, 0x0000000100000000)
  region size 1024K, 28 young (28672K), 6 survivors (6144K)
 Metaspace       used 25769K, capacity 26684K, committed 26752K, reserved 1073152K
  class space    used 3276K, capacity 3682K, committed 3712K, reserved 1048576K
Heap Regions: E=young(eden), S=young(survivor), O=old, HS=humongous(starts), HC=humongous(continues), CS=collection set, F=free, A=archive, TAMS=top-at-mark-start (previous, next)
|   0|0x0000000082400000, 0x00000000824ddc00, 0x0000000082500000| 86%| O|  |TAMS 0x00000000824ddc00, 0x0000000082400000| Untracked 
|   1|0x0000000082500000, 0x0000000082600000, 0x0000000082600000|100%|HS|  |TAMS 0x0000000082500000, 0x0000000082500000| Complete 
|   2|0x0000000082600000, 0x0000000082700000, 0x0000000082700000|100%|HC|  |TAMS 0x0000000082600000, 0x0000000082600000| Complete 
|   3|0x0000000082700000, 0x0000000082800000, 0x0000000082800000|100%|HS|  |TAMS 0x0000000082700000, 0x0000000082700000| Complete 
|   4|0x0000000082800000, 0x0000000082900000, 0x0000000082900000|100%|HC|  |TAMS 0x0000000082800000, 0x0000000082800000| Complete 
|   5|0x0000000082900000, 0x0000000082900000, 0x0000000082a00000|  0%| F|  |TAMS 0x0000000082900000, 0x0000000082900000| Untracked 
|   6|0x0000000082a00000, 0x0000000082a00000, 0x0000000082b00000|  0%| F|  |TAMS 0x0000000082a00000, 0x0000000082a00000| Untracked 
|   7|0x0000000082b00000, 0x0000000082b00000, 0x0000000082c00000|  0%| F|  |TAMS 0x0000000082b00000, 0x0000000082b00000| Untracked 
|   8|0x0000000082c00000, 0x0000000082c00000, 0x0000000082d00000|  0%| F|  |TAMS 0x0000000082c00000, 0x0000000082c00000| Untracked 
|   9|0x0000000082d00000, 0x0000000082d00000, 0x0000000082e00000|  0%| F|  |TAMS 0x0000000082d00000, 0x0000000082d00000| Untracked 
|  10|0x0000000082e00000, 0x0000000082e00000, 0x0000000082f00000|  0%| F|  |TAMS 0x0000000082e00000, 0x0000000082e00000| Untracked 
|  11|0x0000000082f00000, 0x0000000082f00000, 0x0000000083000000|  0%| F|  |TAMS 0x0000000082f00000, 0x0000000082f00000| Untracked 
|  12|0x0000000083000000, 0x0000000083000000, 0x0000000083100000|  0%| F|  |TAMS 0x0000000083000000, 0x0000000083000000| Untracked 
|  13|0x0000000083100000, 0x0000000083100000, 0x0000000083200000|  0%| F|  |TAMS 0x0000000083100000, 0x0000000083100000| Untracked 
|  14|0x0000000083200000, 0x0000000083200000, 0x0000000083300000|  0%| F|  |TAMS 0x0000000083200000, 0x0000000083200000| Untracked 
|  15|0x0000000083300000, 0x0000000083300000, 0x0000000083400000|  0%| F|  |TAMS 0x0000000083300000, 0x0000000083300000| Untracked 
|  16|0x0000000083400000, 0x0000000083400000, 0x0000000083500000|  0%| F|  |TAMS 0x0000000083400000, 0x0000000083400000| Untracked 
|  17|0x0000000083500000, 0x0000000083500000, 0x0000000083600000|  0%| F|  |TAMS 0x0000000083500000, 0x0000000083500000| Untracked 
|  18|0x0000000083600000, 0x0000000083600000, 0x0000000083700000|  0%| F|  |TAMS 0x0000000083600000, 0x0000000083600000| Untracked 
|  19|0x0000000083700000, 0x0000000083700000, 0x0000000083800000|  0%| F|  |TAMS 0x0000000083700000, 0x0000000083700000| Untracked 
|  20|0x0000000083800000, 0x0000000083800000, 0x0000000083900000|  0%| F|  |TAMS 0x0000000083800000, 0x0000000083800000| Untracked 
|  21|0x0000000083900000, 0x0000000083900000, 0x0000000083a00000|  0%| F|  |TAMS 0x0000000083900000, 0x0000000083900000| Untracked 
|  22|0x0000000083a00000, 0x0000000083a00000, 0x0000000083b00000|  0%| F|  |TAMS 0x0000000083a00000, 0x0000000083a00000| Untracked 
|  23|0x0000000083b00000, 0x0000000083b00000, 0x0000000083c00000|  0%| F|  |TAMS 0x0000000083b00000, 0x0000000083b00000| Untracked 
|  24|0x0000000083c00000, 0x0000000083c00000, 0x0000000083d00000|  0%| F|  |TAMS 0x0000000083c00000, 0x0000000083c00000| Untracked 
|  25|0x0000000083d00000, 0x0000000083d00000, 0x0000000083e00000|  0%| F|  |TAMS 0x0000000083d00000, 0x0000000083d00000| Untracked 
|  26|0x0000000083e00000, 0x0000000083e00000, 0x0000000083f00000|  0%| F|  |TAMS 0x0000000083e00000, 0x0000000083e00000| Untracked 
|  27|0x0000000083f00000, 0x0000000083f00000, 0x0000000084000000|  0%| F|  |TAMS 0x0000000083f00000, 0x0000000083f00000| Untracked 
|  28|0x0000000084000000, 0x0000000084000000, 0x0000000084100000|  0%| F|  |TAMS 0x0000000084000000, 0x0000000084000000| Untracked 
|  29|0x0000000084100000, 0x0000000084100000, 0x0000000084200000|  0%| F|  |TAMS 0x0000000084100000, 0x0000000084100000| Untracked 
|  30|0x0000000084200000, 0x0000000084200000, 0x0000000084300000|  0%| F|  |TAMS 0x0000000084200000, 0x0000000084200000| Untracked 
|  31|0x0000000084300000, 0x0000000084300000, 0x0000000084400000|  0%| F|  |TAMS 0x0000000084300000, 0x0000000084300000| Untracked 
|  32|0x0000000084400000, 0x0000000084400000, 0x0000000084500000|  0%| F|  |TAMS 0x0000000084400000, 0x0000000084400000| Untracked 
|  33|0x0000000084500000, 0x0000000084500000, 0x0000000084600000|  0%| F|  |TAMS 0x0000000084500000, 0x0000000084500000| Untracked 
|  34|0x0000000084600000, 0x0000000084600000, 0x0000000084700000|  0%| F|  |TAMS 0x0000000084600000, 0x0000000084600000| Untracked 
|  35|0x0000000084700000, 0x0000000084700000, 0x0000000084800000|  0%| F|  |TAMS 0x0000000084700000, 0x0000000084700000| Untracked 
|  36|0x0000000084800000, 0x0000000084800000, 0x0000000084900000|  0%| F|  |TAMS 0x0000000084800000, 0x0000000084800000| Untracked 
|  37|0x0000000084900000, 0x0000000084900000, 0x0000000084a00000|  0%| F|  |TAMS 0x0000000084900000, 0x0000000084900000| Untracked 
|  38|0x0000000084a00000, 0x0000000084a00000, 0x0000000084b00000|  0%| F|  |TAMS 0x0000000084a00000, 0x0000000084a00000| Untracked 
|  39|0x0000000084b00000, 0x0000000084b00000, 0x0000000084c00000|  0%| F|  |TAMS 0x0000000084b00000, 0x0000000084b00000| Untracked 
|  40|0x0000000084c00000, 0x0000000084c00000, 0x0000000084d00000|  0%| F|  |TAMS 0x0000000084c00000, 0x0000000084c00000| Untracked 
|  41|0x0000000084d00000, 0x0000000084d00000, 0x0000000084e00000|  0%| F|  |TAMS 0x0000000084d00000, 0x0000000084d00000| Untracked 
|  42|0x0000000084e00000, 0x0000000084e00000, 0x0000000084f00000|  0%| F|  |TAMS 0x0000000084e00000, 0x0000000084e00000| Untracked 
|  43|0x0000000084f00000, 0x0000000084f00000, 0x0000000085000000|  0%| F|  |TAMS 0x0000000084f00000, 0x0000000084f00000| Untracked 
|  44|0x0000000085000000, 0x0000000085000000, 0x0000000085100000|  0%| F|  |TAMS 0x0000000085000000, 0x0000000085000000| Untracked 
|  45|0x0000000085100000, 0x0000000085100000, 0x0000000085200000|  0%| F|  |TAMS 0x0000000085100000, 0x0000000085100000| Untracked 
|  46|0x0000000085200000, 0x0000000085200000, 0x0000000085300000|  0%| F|  |TAMS 0x0000000085200000, 0x0000000085200000| Untracked 
|  47|0x0000000085300000, 0x0000000085300000, 0x0000000085400000|  0%| F|  |TAMS 0x0000000085300000, 0x0000000085300000| Untracked 
|  48|0x0000000085400000, 0x0000000085400000, 0x0000000085500000|  0%| F|  |TAMS 0x0000000085400000, 0x0000000085400000| Untracked 
|  49|0x0000000085500000, 0x0000000085500000, 0x0000000085600000|  0%| F|  |TAMS 0x0000000085500000, 0x0000000085500000| Untracked 
|  50|0x0000000085600000, 0x0000000085600000, 0x0000000085700000|  0%| F|  |TAMS 0x0000000085600000, 0x0000000085600000| Untracked 
|  51|0x0000000085700000, 0x0000000085700000, 0x0000000085800000|  0%| F|  |TAMS 0x0000000085700000, 0x0000000085700000| Untracked 
|  52|0x0000000085800000, 0x0000000085800000, 0x0000000085900000|  0%| F|  |TAMS 0x0000000085800000, 0x0000000085800000| Untracked 
|  53|0x0000000085900000, 0x0000000085900000, 0x0000000085a00000|  0%| F|  |TAMS 0x0000000085900000, 0x0000000085900000| Untracked 
|  54|0x0000000085a00000, 0x0000000085a00000, 0x0000000085b00000|  0%| F|  |TAMS 0x0000000085a00000, 0x0000000085a00000| Untracked 
|  55|0x0000000085b00000, 0x0000000085b00000, 0x0000000085c00000|  0%| F|  |TAMS 0x0000000085b00000, 0x0000000085b00000| Untracked 
|  56|0x0000000085c00000, 0x0000000085c00000, 0x0000000085d00000|  0%| F|  |TAMS 0x0000000085c00000, 0x0000000085c00000| Untracked 
|  57|0x0000000085d00000, 0x0000000085d00000, 0x0000000085e00000|  0%| F|  |TAMS 0x0000000085d00000, 0x0000000085d00000| Untracked 
|  58|0x0000000085e00000, 0x0000000085e00000, 0x0000000085f00000|  0%| F|  |TAMS 0x0000000085e00000, 0x0000000085e00000| Untracked 
|  59|0x0000000085f00000, 0x0000000085f00000, 0x0000000086000000|  0%| F|  |TAMS 0x0000000085f00000, 0x0000000085f00000| Untracked 
|  60|0x0000000086000000, 0x0000000086000000, 0x0000000086100000|  0%| F|  |TAMS 0x0000000086000000, 0x0000000086000000| Untracked 
|  61|0x0000000086100000, 0x0000000086100000, 0x0000000086200000|  0%| F|  |TAMS 0x0000000086100000, 0x0000000086100000| Untracked 
|  62|0x0000000086200000, 0x0000000086200000, 0x0000000086300000|  0%| F|  |TAMS 0x0000000086200000, 0x0000000086200000| Untracked 
|  63|0x0000000086300000, 0x0000000086300000, 0x0000000086400000|  0%| F|  |TAMS 0x0000000086300000, 0x0000000086300000| Untracked 
|  64|0x0000000086400000, 0x0000000086400000, 0x0000000086500000|  0%| F|  |TAMS 0x0000000086400000, 0x0000000086400000| Untracked 
|  65|0x0000000086500000, 0x0000000086500000, 0x0000000086600000|  0%| F|  |TAMS 0x0000000086500000, 0x0000000086500000| Untracked 
|  66|0x0000000086600000, 0x0000000086600000, 0x0000000086700000|  0%| F|  |TAMS 0x0000000086600000, 0x0000000086600000| Untracked 
|  67|0x0000000086700000, 0x0000000086700000, 0x0000000086800000|  0%| F|  |TAMS 0x0000000086700000, 0x0000000086700000| Untracked 
|  68|0x0000000086800000, 0x0000000086800000, 0x0000000086900000|  0%| F|  |TAMS 0x0000000086800000, 0x0000000086800000| Untracked 
|  69|0x0000000086900000, 0x0000000086900000, 0x0000000086a00000|  0%| F|  |TAMS 0x0000000086900000, 0x0000000086900000| Untracked 
|  70|0x0000000086a00000, 0x0000000086a00000, 0x0000000086b00000|  0%| F|  |TAMS 0x0000000086a00000, 0x0000000086a00000| Untracked 
|  71|0x0000000086b00000, 0x0000000086b00000, 0x0000000086c00000|  0%| F|  |TAMS 0x0000000086b00000, 0x0000000086b00000| Untracked 
|  72|0x0000000086c00000, 0x0000000086c00000, 0x0000000086d00000|  0%| F|  |TAMS 0x0000000086c00000, 0x0000000086c00000| Untracked 
|  73|0x0000000086d00000, 0x0000000086d00000, 0x0000000086e00000|  0%| F|  |TAMS 0x0000000086d00000, 0x0000000086d00000| Untracked 
|  74|0x0000000086e00000, 0x0000000086e00000, 0x0000000086f00000|  0%| F|  |TAMS 0x0000000086e00000, 0x0000000086e00000| Untracked 
|  75|0x0000000086f00000, 0x0000000086f00000, 0x0000000087000000|  0%| F|  |TAMS 0x0000000086f00000, 0x0000000086f00000| Untracked 
|  76|0x0000000087000000, 0x0000000087000000, 0x0000000087100000|  0%| F|  |TAMS 0x0000000087000000, 0x0000000087000000| Untracked 
|  77|0x0000000087100000, 0x0000000087100000, 0x0000000087200000|  0%| F|  |TAMS 0x0000000087100000, 0x0000000087100000| Untracked 
|  78|0x0000000087200000, 0x0000000087200000, 0x0000000087300000|  0%| F|  |TAMS 0x0000000087200000, 0x0000000087200000| Untracked 
|  79|0x0000000087300000, 0x0000000087300000, 0x0000000087400000|  0%| F|  |TAMS 0x0000000087300000, 0x0000000087300000| Untracked 
|  80|0x0000000087400000, 0x0000000087400000, 0x0000000087500000|  0%| F|  |TAMS 0x0000000087400000, 0x0000000087400000| Untracked 
|  81|0x0000000087500000, 0x0000000087500000, 0x0000000087600000|  0%| F|  |TAMS 0x0000000087500000, 0x0000000087500000| Untracked 
|  82|0x0000000087600000, 0x0000000087600000, 0x0000000087700000|  0%| F|  |TAMS 0x0000000087600000, 0x0000000087600000| Untracked 
|  83|0x0000000087700000, 0x0000000087700000, 0x0000000087800000|  0%| F|  |TAMS 0x0000000087700000, 0x0000000087700000| Untracked 
|  84|0x0000000087800000, 0x0000000087800000, 0x0000000087900000|  0%| F|  |TAMS 0x0000000087800000, 0x0000000087800000| Untracked 
|  85|0x0000000087900000, 0x0000000087900000, 0x0000000087a00000|  0%| F|  |TAMS 0x0000000087900000, 0x0000000087900000| Untracked 
|  86|0x0000000087a00000, 0x0000000087a00000, 0x0000000087b00000|  0%| F|  |TAMS 0x0000000087a00000, 0x0000000087a00000| Untracked 
|  87|0x0000000087b00000, 0x0000000087b00000, 0x0000000087c00000|  0%| F|  |TAMS 0x0000000087b00000, 0x0000000087b00000| Untracked 
|  88|0x0000000087c00000, 0x0000000087c00000, 0x0000000087d00000|  0%| F|  |TAMS 0x0000000087c00000, 0x0000000087c00000| Untracked 
|  89|0x0000000087d00000, 0x0000000087d6c168, 0x0000000087e00000| 42%| S|CS|TAMS 0x0000000087d00000, 0x0000000087d00000| Complete 
|  90|0x0000000087e00000, 0x0000000087f00000, 0x0000000087f00000|100%| S|CS|TAMS 0x0000000087e00000, 0x0000000087e00000| Complete 
|  91|0x0000000087f00000, 0x0000000088000000, 0x0000000088000000|100%| S|CS|TAMS 0x0000000087f00000, 0x0000000087f00000| Complete 
|  92|0x0000000088000000, 0x0000000088100000, 0x0000000088100000|100%| S|CS|TAMS 0x0000000088000000, 0x0000000088000000| Complete 
|  93|0x0000000088100000, 0x0000000088200000, 0x0000000088200000|100%| S|CS|TAMS 0x0000000088100000, 0x0000000088100000| Complete 
|  94|0x0000000088200000, 0x0000000088300000, 0x0000000088300000|100%| S|CS|TAMS 0x0000000088200000, 0x0000000088200000| Complete 
|  95|0x0000000088300000, 0x0000000088300000, 0x0000000088400000|  0%| F|  |TAMS 0x0000000088300000, 0x0000000088300000| Untracked 
|  96|0x0000000088400000, 0x0000000088400000, 0x0000000088500000|  0%| F|  |TAMS 0x0000000088400000, 0x0000000088400000| Untracked 
|  97|0x0000000088500000, 0x0000000088500000, 0x0000000088600000|  0%| F|  |TAMS 0x0000000088500000, 0x0000000088500000| Untracked 
|  98|0x0000000088600000, 0x0000000088600000, 0x0000000088700000|  0%| F|  |TAMS 0x0000000088600000, 0x0000000088600000| Untracked 
|  99|0x0000000088700000, 0x0000000088700000, 0x0000000088800000|  0%| F|  |TAMS 0x0000000088700000, 0x0000000088700000| Untracked 
| 100|0x0000000088800000, 0x0000000088800000, 0x0000000088900000|  0%| F|  |TAMS 0x0000000088800000, 0x0000000088800000| Untracked 
| 101|0x0000000088900000, 0x0000000088900000, 0x0000000088a00000|  0%| F|  |TAMS 0x0000000088900000, 0x0000000088900000| Untracked 
| 102|0x0000000088a00000, 0x0000000088a00000, 0x0000000088b00000|  0%| F|  |TAMS 0x0000000088a00000, 0x0000000088a00000| Untracked 
| 103|0x0000000088b00000, 0x0000000088b00000, 0x0000000088c00000|  0%| F|  |TAMS 0x0000000088b00000, 0x0000000088b00000| Untracked 
| 104|0x0000000088c00000, 0x0000000088c7b0b0, 0x0000000088d00000| 48%| E|  |TAMS 0x0000000088c00000, 0x0000000088c00000| Complete 
| 105|0x0000000088d00000, 0x0000000088e00000, 0x0000000088e00000|100%| E|CS|TAMS 0x0000000088d00000, 0x0000000088d00000| Complete 
| 106|0x0000000088e00000, 0x0000000088f00000, 0x0000000088f00000|100%| E|CS|TAMS 0x0000000088e00000, 0x0000000088e00000| Complete 
| 107|0x0000000088f00000, 0x0000000089000000, 0x0000000089000000|100%| E|CS|TAMS 0x0000000088f00000, 0x0000000088f00000| Complete 
| 108|0x0000000089000000, 0x0000000089100000, 0x0000000089100000|100%| E|CS|TAMS 0x0000000089000000, 0x0000000089000000| Complete 
| 109|0x0000000089100000, 0x0000000089200000, 0x0000000089200000|100%| E|CS|TAMS 0x0000000089100000, 0x0000000089100000| Complete 
| 110|0x0000000089200000, 0x0000000089300000, 0x0000000089300000|100%| E|CS|TAMS 0x0000000089200000, 0x0000000089200000| Complete 
| 111|0x0000000089300000, 0x0000000089400000, 0x0000000089400000|100%| E|CS|TAMS 0x0000000089300000, 0x0000000089300000| Complete 
| 112|0x0000000089400000, 0x0000000089500000, 0x0000000089500000|100%| E|CS|TAMS 0x0000000089400000, 0x0000000089400000| Complete 
| 113|0x0000000089500000, 0x0000000089600000, 0x0000000089600000|100%| E|CS|TAMS 0x0000000089500000, 0x0000000089500000| Complete 
| 114|0x0000000089600000, 0x0000000089700000, 0x0000000089700000|100%| E|CS|TAMS 0x0000000089600000, 0x0000000089600000| Complete 
| 115|0x0000000089700000, 0x0000000089800000, 0x0000000089800000|100%| E|CS|TAMS 0x0000000089700000, 0x0000000089700000| Complete 
| 116|0x0000000089800000, 0x0000000089900000, 0x0000000089900000|100%| E|CS|TAMS 0x0000000089800000, 0x0000000089800000| Complete 
| 117|0x0000000089900000, 0x0000000089a00000, 0x0000000089a00000|100%| E|CS|TAMS 0x0000000089900000, 0x0000000089900000| Complete 
| 118|0x0000000089a00000, 0x0000000089b00000, 0x0000000089b00000|100%| E|CS|TAMS 0x0000000089a00000, 0x0000000089a00000| Complete 
| 119|0x0000000089b00000, 0x0000000089c00000, 0x0000000089c00000|100%| E|CS|TAMS 0x0000000089b00000, 0x0000000089b00000| Complete 
| 120|0x0000000089c00000, 0x0000000089d00000, 0x0000000089d00000|100%| E|CS|TAMS 0x0000000089c00000, 0x0000000089c00000| Complete 
| 121|0x0000000089d00000, 0x0000000089e00000, 0x0000000089e00000|100%| E|CS|TAMS 0x0000000089d00000, 0x0000000089d00000| Complete 
| 122|0x0000000089e00000, 0x0000000089f00000, 0x0000000089f00000|100%| E|CS|TAMS 0x0000000089e00000, 0x0000000089e00000| Complete 
| 123|0x0000000089f00000, 0x000000008a000000, 0x000000008a000000|100%| E|CS|TAMS 0x0000000089f00000, 0x0000000089f00000| Complete 
| 124|0x000000008a000000, 0x000000008a100000, 0x000000008a100000|100%| E|CS|TAMS 0x000000008a000000, 0x000000008a000000| Complete 
| 125|0x000000008a100000, 0x000000008a200000, 0x000000008a200000|100%| E|CS|TAMS 0x000000008a100000, 0x000000008a100000| Complete 

Card table byte_map: [0x000002b61fc80000,0x000002b620070000] _byte_map_base: 0x000002b61f86e000

Marking Bits (Prev, Next): (CMBitMap*) 0x000002b607d0e530, (CMBitMap*) 0x000002b607d0e4f8
 Prev Bits: [0x000002b6223d0000, 0x000002b624340000)
 Next Bits: [0x000002b620460000, 0x000002b6223d0000)

Polling page: 0x000002b605c40000

Metaspace:

Usage:
  Non-class:     22.46 MB capacity,    21.97 MB ( 98%) used,   405.91 KB (  2%) free+waste,   103.00 KB ( <1%) overhead. 
      Class:      3.60 MB capacity,     3.20 MB ( 89%) used,   353.16 KB ( 10%) free+waste,    52.50 KB (  1%) overhead. 
       Both:     26.06 MB capacity,    25.17 MB ( 97%) used,   759.07 KB (  3%) free+waste,   155.50 KB ( <1%) overhead. 

Virtual space:
  Non-class space:       24.00 MB reserved,      22.50 MB ( 94%) committed 
      Class space:        1.00 GB reserved,       3.63 MB ( <1%) committed 
             Both:        1.02 GB reserved,      26.13 MB (  2%) committed 

Chunk freelists:
   Non-Class:  38.00 KB
       Class:  0 bytes
        Both:  38.00 KB

MaxMetaspaceSize: 17179869184.00 GB
CompressedClassSpaceSize: 1.00 GB

CodeHeap 'non-profiled nmethods': size=120000Kb used=1495Kb max_used=1495Kb free=118504Kb
 bounds [0x000002b617e10000, 0x000002b618080000, 0x000002b61f340000]
CodeHeap 'profiled nmethods': size=120000Kb used=6142Kb max_used=6142Kb free=113857Kb
 bounds [0x000002b6108e0000, 0x000002b610ee0000, 0x000002b617e10000]
CodeHeap 'non-nmethods': size=5760Kb used=1348Kb max_used=1394Kb free=4411Kb
 bounds [0x000002b610340000, 0x000002b6105b0000, 0x000002b6108e0000]
 total_blobs=4831 nmethods=3156 adapters=693
 compilation: enabled
              stopped_count=0, restarted_count=0
 full_count=0

Compilation events (20 events):
Event: 11.754 Thread 0x000002b626ff2800 3155       3       java.nio.charset.CoderResult::isOverflow (14 bytes)
Event: 11.754 Thread 0x000002b626ff2800 nmethod 3155 0x000002b610ed7810 code [0x000002b610ed79c0, 0x000002b610ed7b78]
Event: 11.756 Thread 0x000002b626ff2800 3156       3       java.lang.StringBuilder::toString (35 bytes)
Event: 11.756 Thread 0x000002b626ff0000 3158       4       java.lang.StringLatin1::newString (17 bytes)
Event: 11.757 Thread 0x000002b626ff2800 nmethod 3156 0x000002b610ed7c10 code [0x000002b610ed7e00, 0x000002b610ed8300]
Event: 11.757 Thread 0x000002b626ff2800 3157       3       java.io.BufferedWriter::ensureOpen (18 bytes)
Event: 11.758 Thread 0x000002b626ff2800 nmethod 3157 0x000002b610ed8490 code [0x000002b610ed8660, 0x000002b610ed88d0]
Event: 11.758 Thread 0x000002b626ff2800 3159       3       java.nio.ByteBuffer::flip (7 bytes)
Event: 11.758 Thread 0x000002b626ff2800 nmethod 3159 0x000002b610ed8990 code [0x000002b610ed8b40, 0x000002b610ed8d18]
Event: 11.758 Thread 0x000002b626ff2800 3160       3       java.nio.CharBuffer::array (35 bytes)
Event: 11.759 Thread 0x000002b626ff2800 nmethod 3160 0x000002b610ed8e10 code [0x000002b610ed9000, 0x000002b610ed9320]
Event: 11.766 Thread 0x000002b626ff0000 nmethod 3158 0x000002b617f85890 code [0x000002b617f85a40, 0x000002b617f85df8]
Event: 11.874 Thread 0x000002b626ff2800 3161       3       java.nio.ByteBuffer::clear (7 bytes)
Event: 11.875 Thread 0x000002b626ff2800 nmethod 3161 0x000002b610ed9490 code [0x000002b610ed9640, 0x000002b610ed9818]
Event: 11.875 Thread 0x000002b626ff2800 3162       3       sun.nio.cs.UTF_8$Encoder::encodeArrayLoop (489 bytes)
Event: 11.881 Thread 0x000002b626ff2800 nmethod 3162 0x000002b610ed9910 code [0x000002b610ed9f00, 0x000002b610edd4d0]
Event: 11.881 Thread 0x000002b626ff2800 3164   !   3       java.io.BufferedWriter::write (117 bytes)
Event: 11.882 Thread 0x000002b626ff2800 nmethod 3164 0x000002b610ede690 code [0x000002b610ede8a0, 0x000002b610edefb0]
Event: 11.882 Thread 0x000002b626ff2800 3163       3       java.io.Writer::write (11 bytes)
Event: 11.882 Thread 0x000002b626ff2800 nmethod 3163 0x000002b610edf310 code [0x000002b610edf4e0, 0x000002b610edf810]

GC Heap History (4 events):
Event: 1.803 GC heap before
{Heap before GC invocations=0 (full 0):
 garbage-first heap   total 129024K, used 23552K [0x0000000082400000, 0x0000000100000000)
  region size 1024K, 24 young (24576K), 0 survivors (0K)
 Metaspace       used 13669K, capacity 14083K, committed 14208K, reserved 1062912K
  class space    used 1459K, capacity 1638K, committed 1664K, reserved 1048576K
}
Event: 1.814 GC heap after
{Heap after GC invocations=1 (full 0):
 garbage-first heap   total 129024K, used 3959K [0x0000000082400000, 0x0000000100000000)
  region size 1024K, 3 young (3072K), 3 survivors (3072K)
 Metaspace       used 13669K, capacity 14083K, committed 14208K, reserved 1062912K
  class space    used 1459K, capacity 1638K, committed 1664K, reserved 1048576K
}
Event: 3.597 GC heap before
{Heap before GC invocations=1 (full 0):
 garbage-first heap   total 129024K, used 31607K [0x0000000082400000, 0x0000000100000000)
  region size 1024K, 31 young (31744K), 3 survivors (3072K)
 Metaspace       used 20547K, capacity 21148K, committed 21248K, reserved 1067008K
  class space    used 2466K, capacity 2740K, committed 2816K, reserved 1048576K
}
Event: 3.618 GC heap after
{Heap after GC invocations=2 (full 0):
 garbage-first heap   total 129024K, used 6439K [0x0000000082400000, 0x0000000100000000)
  region size 1024K, 6 young (6144K), 6 survivors (6144K)
 Metaspace       used 20547K, capacity 21148K, committed 21248K, reserved 1067008K
  class space    used 2466K, capacity 2740K, committed 2816K, reserved 1048576K
}

Deoptimization events (20 events):
Event: 11.364 Thread 0x000002b628ffe000 Uncommon trap: trap_request=0xffffff4d fr.pc=0x000002b617f770a8 relative=0x0000000000001268
Event: 11.364 Thread 0x000002b628ffe000 Uncommon trap: reason=unstable_if action=reinterpret pc=0x000002b617f770a8 method=com.sun.marlin.DRenderer._endRendering(IILcom/sun/marlin/MarlinAlphaConsumer;)V @ 703 c2
Event: 11.364 Thread 0x000002b628ffe000 DEOPT PACKING pc=0x000002b617f770a8 sp=0x000000cafb3fd130
Event: 11.364 Thread 0x000002b628ffe000 DEOPT UNPACKING pc=0x000002b610368f2f sp=0x000000cafb3fcf58 mode 2
Event: 11.365 Thread 0x000002b628ffe000 Uncommon trap: trap_request=0x00000218 fr.pc=0x000002b617f37728 relative=0x0000000000001fa8
Event: 11.365 Thread 0x000002b628ffe000 Uncommon trap: reason=unloaded action=reinterpret pc=0x000002b617f37728 method=com.sun.marlin.DRenderer._endRendering(IILcom/sun/marlin/MarlinAlphaConsumer;)V @ 1548 c2
Event: 11.365 Thread 0x000002b628ffe000 DEOPT PACKING pc=0x000002b617f37728 sp=0x000000cafb3fd060
Event: 11.365 Thread 0x000002b628ffe000 DEOPT UNPACKING pc=0x000002b610368f2f sp=0x000000cafb3fcf38 mode 2
Event: 11.365 Thread 0x000002b628ffe000 Uncommon trap: trap_request=0xffffff4d fr.pc=0x000002b617f6cfe8 relative=0x0000000000001808
Event: 11.365 Thread 0x000002b628ffe000 Uncommon trap: reason=unstable_if action=reinterpret pc=0x000002b617f6cfe8 method=com.sun.marlin.DRenderer._endRendering(IILcom/sun/marlin/MarlinAlphaConsumer;)V @ 703 c2
Event: 11.365 Thread 0x000002b628ffe000 DEOPT PACKING pc=0x000002b617f6cfe8 sp=0x000000cafb3fd060
Event: 11.365 Thread 0x000002b628ffe000 DEOPT UNPACKING pc=0x000002b610368f2f sp=0x000000cafb3fcf58 mode 2
Event: 11.366 Thread 0x000002b628ffe000 Uncommon trap: trap_request=0x00000218 fr.pc=0x000002b617f45f90 relative=0x0000000000002270
Event: 11.366 Thread 0x000002b628ffe000 Uncommon trap: reason=unloaded action=reinterpret pc=0x000002b617f45f90 method=com.sun.marlin.DRenderer._endRendering(IILcom/sun/marlin/MarlinAlphaConsumer;)V @ 1548 c2
Event: 11.366 Thread 0x000002b628ffe000 DEOPT PACKING pc=0x000002b617f45f90 sp=0x000000cafb3fd030
Event: 11.366 Thread 0x000002b628ffe000 DEOPT UNPACKING pc=0x000002b610368f2f sp=0x000000cafb3fcf38 mode 2
Event: 11.367 Thread 0x000002b628ffe000 Uncommon trap: trap_request=0x00000218 fr.pc=0x000002b617f587c8 relative=0x0000000000002048
Event: 11.367 Thread 0x000002b628ffe000 Uncommon trap: reason=unloaded action=reinterpret pc=0x000002b617f587c8 method=com.sun.marlin.DRenderer._endRendering(IILcom/sun/marlin/MarlinAlphaConsumer;)V @ 1548 c2
Event: 11.367 Thread 0x000002b628ffe000 DEOPT PACKING pc=0x000002b617f587c8 sp=0x000000cafb3fd040
Event: 11.367 Thread 0x000002b628ffe000 DEOPT UNPACKING pc=0x000002b610368f2f sp=0x000000cafb3fcf38 mode 2

Classes redefined (0 events):
No events

Internal exceptions (20 events):
Event: 2.343 Thread 0x000002b627cd9000 Exception <a 'sun/nio/fs/WindowsException'{0x00000000892b6128}> (0x00000000892b6128) thrown at [./src/hotspot/share/prims/jni.cpp, line 615]
Event: 2.392 Thread 0x000002b627cd9000 Implicit null exception at 0x000002b617e7b1f5 to 0x000002b617e7b3a6
Event: 2.392 Thread 0x000002b627cd9000 Implicit null exception at 0x000002b617e57078 to 0x000002b617e5710a
Event: 3.002 Thread 0x000002b627cd9000 Exception <a 'java/lang/NoSuchMethodError'{0x0000000088cbada0}: 'java.lang.Object java.lang.invoke.Invokers$Holder.linkToTargetMethod(java.lang.Object, int, java.lang.Object)'> (0x0000000088cbada0) thrown at [./src/hotspot/share/interpreter/linkResolver.cpp, line 773]
Event: 3.049 Thread 0x000002b627cd9000 Exception <a 'java/lang/NoSuchMethodError'{0x0000000088b7e5a0}: 'java.lang.Object java.lang.invoke.DirectMethodHandle$Holder.invokeInterface(java.lang.Object, java.lang.Object, java.lang.Object)'> (0x0000000088b7e5a0) thrown at [./src/hotspot/share/interpreter/linkResolver.cpp, line 773]
Event: 3.049 Thread 0x000002b627cd9000 Exception <a 'java/lang/IncompatibleClassChangeError'{0x0000000088b81a90}: Found class java.lang.Object, but interface was expected> (0x0000000088b81a90) thrown at [./src/hotspot/share/interpreter/linkResolver.cpp, line 839]
Event: 3.409 Thread 0x000002b628ffe000 Exception <a 'java/lang/NoSuchMethodError'{0x000000008851a5a8}: 'int java.lang.invoke.DirectMethodHandle$Holder.invokeStaticInit(java.lang.Object, java.lang.Object)'> (0x000000008851a5a8) thrown at [./src/hotspot/share/interpreter/linkResolver.cpp, line 773]
Event: 4.515 Thread 0x000002b627cd9000 Exception <a 'java/lang/NoSuchMethodError'{0x0000000089f26598}: 'long java.lang.invoke.DirectMethodHandle$Holder.invokeStaticInit(java.lang.Object, java.lang.Object, java.lang.Object)'> (0x0000000089f26598) thrown at [./src/hotspot/share/interpreter/linkResolver.cpp, line 773]
Event: 4.520 Thread 0x000002b627cd9000 Exception <a 'java/lang/NoSuchMethodError'{0x0000000089f3ebe0}: 'java.lang.Object java.lang.invoke.DirectMethodHandle$Holder.invokeStatic(java.lang.Object, java.lang.Object, long)'> (0x0000000089f3ebe0) thrown at [./src/hotspot/share/interpreter/linkResolver.cpp, line 773]
Event: 4.521 Thread 0x000002b627cd9000 Exception <a 'java/lang/NoSuchMethodError'{0x0000000089f44d58}: 'java.lang.Object java.lang.invoke.Invokers$Holder.linkToTargetMethod(java.lang.Object, long, java.lang.Object)'> (0x0000000089f44d58) thrown at [./src/hotspot/share/interpreter/linkResolver.cpp, line 773]
Event: 4.725 Thread 0x000002b627cd9000 Exception <a 'java/io/FileNotFoundException'{0x0000000089a3faa0}> (0x0000000089a3faa0) thrown at [./src/hotspot/share/prims/jni.cpp, line 615]
Event: 4.769 Thread 0x000002b627cd9000 Exception <a 'java/lang/ClassNotFoundException'{0x0000000089ad7f88}: com/sun/javafx/scene/control/skin/resources/controls> (0x0000000089ad7f88) thrown at [./src/hotspot/share/prims/jni.cpp, line 636]
Event: 4.771 Thread 0x000002b627cd9000 Exception <a 'java/lang/ClassNotFoundException'{0x0000000089ae5dc0}: com/sun/javafx/scene/control/skin/resources/controls_en> (0x0000000089ae5dc0) thrown at [./src/hotspot/share/prims/jni.cpp, line 636]
Event: 4.771 Thread 0x000002b627cd9000 Exception <a 'java/lang/ClassNotFoundException'{0x0000000089ae7410}: com/sun/javafx/scene/control/skin/resources/controls_en_US> (0x0000000089ae7410) thrown at [./src/hotspot/share/prims/jni.cpp, line 636]
Event: 4.860 Thread 0x000002b627cd9000 Exception <a 'sun/nio/fs/WindowsException'{0x0000000089857510}> (0x0000000089857510) thrown at [./src/hotspot/share/prims/jni.cpp, line 615]
Event: 5.037 Thread 0x000002b627cd9000 Exception <a 'java/lang/NoSuchMethodError'{0x0000000089560190}: 'void java.lang.invoke.DirectMethodHandle$Holder.invokeSpecial(java.lang.Object, java.lang.Object, java.lang.Object, java.lang.Object, java.lang.Object, java.lang.Object)'> (0x0000000089560190) thrown at [./src/hotspot/share/interpreter/linkResolver.cpp, line 773]
Event: 5.554 Thread 0x000002b628ffe000 Exception <a 'java/lang/NoSuchMethodError'{0x000000008a135e50}: 'java.lang.Object java.lang.invoke.DirectMethodHandle$Holder.invokeStaticInit(java.lang.Object, int)'> (0x000000008a135e50) thrown at [./src/hotspot/share/interpreter/linkResolver.cpp, line 773]
Event: 10.923 Thread 0x000002b627cd9000 Exception <a 'java/lang/NoSuchMethodError'{0x0000000088e76fd0}: <clinit>> (0x0000000088e76fd0) thrown at [./src/hotspot/share/prims/jni.cpp, line 1362]
Event: 11.751 Thread 0x000002b627cd9000 Exception <a 'java/lang/IllegalArgumentException'{0x0000000088c12818}> (0x0000000088c12818) thrown at [./src/hotspot/share/prims/jvm.cpp, line 1301]
Event: 11.874 Thread 0x000002b627cd9000 Exception <a 'java/lang/IllegalArgumentException'{0x0000000088c24130}> (0x0000000088c24130) thrown at [./src/hotspot/share/prims/jvm.cpp, line 1301]

Events (20 events):
Event: 10.941 loading class java/util/DialogPane
Event: 10.941 loading class java/util/DialogPane done
Event: 11.332 Executing VM operation: RevokeBias
Event: 11.333 Executing VM operation: RevokeBias done
Event: 11.743 loading class com/sun/javafx/tk/quantum/GlassScene
Event: 11.743 loading class com/sun/javafx/tk/quantum/GlassScene done
Event: 11.743 loading class com/sun/javafx/tk/quantum/WindowStage
Event: 11.743 loading class com/sun/javafx/tk/quantum/WindowStage done
Event: 11.744 loading class com/sun/prism/GraphicsResource
Event: 11.744 loading class com/sun/prism/GraphicsResource done
Event: 11.744 loading class com/sun/prism/GraphicsResource
Event: 11.744 loading class com/sun/prism/GraphicsResource done
Event: 11.744 loading class com/sun/javafx/tk/quantum/ViewScene
Event: 11.744 loading class com/sun/javafx/tk/quantum/ViewScene done
Event: 11.749 loading class com/sun/javafx/tk/quantum/WindowStage
Event: 11.749 loading class com/sun/javafx/tk/quantum/WindowStage done
Event: 11.751 loading class java/lang/Throwable$WrappedPrintStream
Event: 11.751 loading class java/lang/Throwable$PrintStreamOrWriter
Event: 11.752 loading class java/lang/Throwable$PrintStreamOrWriter done
Event: 11.752 loading class java/lang/Throwable$WrappedPrintStream done


Dynamic libraries:
0x00007ff612a90000 - 0x00007ff612a9d000 	C:\Users\Asus\.jdks\corretto-11.0.7-1\bin\java.exe
0x00007fffa36b0000 - 0x00007fffa38a6000 	C:\WINDOWS\SYSTEM32\ntdll.dll
0x00007fffa35b0000 - 0x00007fffa366d000 	C:\WINDOWS\System32\KERNEL32.DLL
0x00007fffa11b0000 - 0x00007fffa1478000 	C:\WINDOWS\System32\KERNELBASE.dll
0x00007fffa0fb0000 - 0x00007fffa10b0000 	C:\WINDOWS\System32\ucrtbase.dll
0x00007fff81170000 - 0x00007fff81187000 	C:\Users\Asus\.jdks\corretto-11.0.7-1\bin\jli.dll
0x00007fff7fd80000 - 0x00007fff7fd95000 	C:\Users\Asus\.jdks\corretto-11.0.7-1\bin\VCRUNTIME140.dll
0x00007fffa2010000 - 0x00007fffa21b0000 	C:\WINDOWS\System32\USER32.dll
0x00007fffa1480000 - 0x00007fffa14a2000 	C:\WINDOWS\System32\win32u.dll
0x00007fff8c370000 - 0x00007fff8c60b000 	C:\WINDOWS\WinSxS\amd64_microsoft.windows.common-controls_6595b64144ccf1df_6.0.19041.488_none_ca04af081b815d21\COMCTL32.dll
0x00007fffa27a0000 - 0x00007fffa27ca000 	C:\WINDOWS\System32\GDI32.dll
0x00007fffa3460000 - 0x00007fffa34fe000 	C:\WINDOWS\System32\msvcrt.dll
0x00007fffa0df0000 - 0x00007fffa0ef9000 	C:\WINDOWS\System32\gdi32full.dll
0x00007fffa1610000 - 0x00007fffa16ad000 	C:\WINDOWS\System32\msvcp_win.dll
0x00007fffa33a0000 - 0x00007fffa33d0000 	C:\WINDOWS\System32\IMM32.DLL
0x00007fff65360000 - 0x00007fff653fb000 	C:\Users\Asus\.jdks\corretto-11.0.7-1\bin\msvcp140.dll
0x00007fff2cf50000 - 0x00007fff2da0c000 	C:\Users\Asus\.jdks\corretto-11.0.7-1\bin\server\jvm.dll
0x00007fffa32f0000 - 0x00007fffa339c000 	C:\WINDOWS\System32\ADVAPI32.dll
0x00007fffa2650000 - 0x00007fffa26eb000 	C:\WINDOWS\System32\sechost.dll
0x00007fffa2510000 - 0x00007fffa2634000 	C:\WINDOWS\System32\RPCRT4.dll
0x00007fffa1c10000 - 0x00007fffa1c18000 	C:\WINDOWS\System32\PSAPI.DLL
0x00007fff9c290000 - 0x00007fff9c299000 	C:\WINDOWS\SYSTEM32\WSOCK32.dll
0x00007fff99910000 - 0x00007fff9991a000 	C:\WINDOWS\SYSTEM32\VERSION.dll
0x00007fff9afd0000 - 0x00007fff9aff7000 	C:\WINDOWS\SYSTEM32\WINMM.dll
0x00007fffa33f0000 - 0x00007fffa345b000 	C:\WINDOWS\System32\WS2_32.dll
0x00007fff9f6d0000 - 0x00007fff9f6e2000 	C:\WINDOWS\SYSTEM32\kernel.appcore.dll
0x00007fff98950000 - 0x00007fff98960000 	C:\Users\Asus\.jdks\corretto-11.0.7-1\bin\verify.dll
0x00007fff9ec50000 - 0x00007fff9ee34000 	C:\WINDOWS\SYSTEM32\DBGHELP.DLL
0x00007fff848e0000 - 0x00007fff8490c000 	C:\WINDOWS\SYSTEM32\dbgcore.DLL
0x00007fffa10b0000 - 0x00007fffa112f000 	C:\WINDOWS\System32\bcryptPrimitives.dll
0x00007fff65330000 - 0x00007fff65358000 	C:\Users\Asus\.jdks\corretto-11.0.7-1\bin\java.dll
0x00007fff9c3a0000 - 0x00007fff9c3ae000 	C:\Users\Asus\.jdks\corretto-11.0.7-1\bin\instrument.dll
0x00007fff65310000 - 0x00007fff65326000 	C:\Users\Asus\.jdks\corretto-11.0.7-1\bin\zip.dll
0x00007fff8bf60000 - 0x00007fff8bf6a000 	C:\Users\Asus\.jdks\corretto-11.0.7-1\bin\jimage.dll
0x00007fffa2850000 - 0x00007fffa2f91000 	C:\WINDOWS\System32\SHELL32.dll
0x00007fff9ee40000 - 0x00007fff9f5d5000 	C:\WINDOWS\SYSTEM32\windows.storage.dll
0x00007fffa21b0000 - 0x00007fffa2505000 	C:\WINDOWS\System32\combase.dll
0x00007fffa0860000 - 0x00007fffa088c000 	C:\WINDOWS\SYSTEM32\Wldp.dll
0x00007fffa26f0000 - 0x00007fffa279e000 	C:\WINDOWS\System32\SHCORE.dll
0x00007fffa3230000 - 0x00007fffa3285000 	C:\WINDOWS\System32\shlwapi.dll
0x00007fffa0d20000 - 0x00007fffa0d46000 	C:\WINDOWS\SYSTEM32\profapi.dll
0x00007fff652f0000 - 0x00007fff65309000 	C:\Users\Asus\.jdks\corretto-11.0.7-1\bin\net.dll
0x00007fff953e0000 - 0x00007fff954e0000 	C:\WINDOWS\SYSTEM32\WINHTTP.dll
0x00007fffa0590000 - 0x00007fffa05fa000 	C:\WINDOWS\system32\mswsock.dll
0x00007fff652b0000 - 0x00007fff652c2000 	C:\Users\Asus\.jdks\corretto-11.0.7-1\bin\nio.dll
0x00007fff9a600000 - 0x00007fff9a61a000 	D:\IntelliJ IDEA 2019.3.3\bin\breakgen64.dll
0x000002b607c00000 - 0x000002b607c03000 	F:\[FreeCourseSite.com] Udemy - Java Programming Masterclass for Software Developers\JAVA MASTERCLASS PERSONAL CODES\SECTION13\javafx-sdk-11.0.2\bin\api-ms-win-core-console-l1-1-0.dll
0x000002b607c10000 - 0x000002b607c13000 	F:\[FreeCourseSite.com] Udemy - Java Programming Masterclass for Software Developers\JAVA MASTERCLASS PERSONAL CODES\SECTION13\javafx-sdk-11.0.2\bin\api-ms-win-core-datetime-l1-1-0.dll
0x000002b607c20000 - 0x000002b607c23000 	F:\[FreeCourseSite.com] Udemy - Java Programming Masterclass for Software Developers\JAVA MASTERCLASS PERSONAL CODES\SECTION13\javafx-sdk-11.0.2\bin\api-ms-win-core-debug-l1-1-0.dll
0x000002b607c30000 - 0x000002b607c33000 	F:\[FreeCourseSite.com] Udemy - Java Programming Masterclass for Software Developers\JAVA MASTERCLASS PERSONAL CODES\SECTION13\javafx-sdk-11.0.2\bin\api-ms-win-core-errorhandling-l1-1-0.dll
0x000002b607c40000 - 0x000002b607c44000 	F:\[FreeCourseSite.com] Udemy - Java Programming Masterclass for Software Developers\JAVA MASTERCLASS PERSONAL CODES\SECTION13\javafx-sdk-11.0.2\bin\api-ms-win-core-file-l1-1-0.dll
0x000002b607c50000 - 0x000002b607c53000 	F:\[FreeCourseSite.com] Udemy - Java Programming Masterclass for Software Developers\JAVA MASTERCLASS PERSONAL CODES\SECTION13\javafx-sdk-11.0.2\bin\api-ms-win-core-file-l1-2-0.dll
0x000002b607c60000 - 0x000002b607c63000 	F:\[FreeCourseSite.com] Udemy - Java Programming Masterclass for Software Developers\JAVA MASTERCLASS PERSONAL CODES\SECTION13\javafx-sdk-11.0.2\bin\api-ms-win-core-file-l2-1-0.dll
0x000002b607c70000 - 0x000002b607c73000 	F:\[FreeCourseSite.com] Udemy - Java Programming Masterclass for Software Developers\JAVA MASTERCLASS PERSONAL CODES\SECTION13\javafx-sdk-11.0.2\bin\api-ms-win-core-handle-l1-1-0.dll
0x000002b607c80000 - 0x000002b607c83000 	F:\[FreeCourseSite.com] Udemy - Java Programming Masterclass for Software Developers\JAVA MASTERCLASS PERSONAL CODES\SECTION13\javafx-sdk-11.0.2\bin\api-ms-win-core-heap-l1-1-0.dll
0x000002b607c90000 - 0x000002b607c93000 	F:\[FreeCourseSite.com] Udemy - Java Programming Masterclass for Software Developers\JAVA MASTERCLASS PERSONAL CODES\SECTION13\javafx-sdk-11.0.2\bin\api-ms-win-core-interlocked-l1-1-0.dll
0x000002b607ca0000 - 0x000002b607ca3000 	F:\[FreeCourseSite.com] Udemy - Java Programming Masterclass for Software Developers\JAVA MASTERCLASS PERSONAL CODES\SECTION13\javafx-sdk-11.0.2\bin\api-ms-win-core-libraryloader-l1-1-0.dll
0x000002b629840000 - 0x000002b629843000 	F:\[FreeCourseSite.com] Udemy - Java Programming Masterclass for Software Developers\JAVA MASTERCLASS PERSONAL CODES\SECTION13\javafx-sdk-11.0.2\bin\api-ms-win-core-localization-l1-2-0.dll
0x000002b629850000 - 0x000002b629853000 	F:\[FreeCourseSite.com] Udemy - Java Programming Masterclass for Software Developers\JAVA MASTERCLASS PERSONAL CODES\SECTION13\javafx-sdk-11.0.2\bin\api-ms-win-core-memory-l1-1-0.dll
0x000002b629860000 - 0x000002b629863000 	F:\[FreeCourseSite.com] Udemy - Java Programming Masterclass for Software Developers\JAVA MASTERCLASS PERSONAL CODES\SECTION13\javafx-sdk-11.0.2\bin\api-ms-win-core-namedpipe-l1-1-0.dll
0x000002b629870000 - 0x000002b629873000 	F:\[FreeCourseSite.com] Udemy - Java Programming Masterclass for Software Developers\JAVA MASTERCLASS PERSONAL CODES\SECTION13\javafx-sdk-11.0.2\bin\api-ms-win-core-processenvironment-l1-1-0.dll
0x000002b629880000 - 0x000002b629883000 	F:\[FreeCourseSite.com] Udemy - Java Programming Masterclass for Software Developers\JAVA MASTERCLASS PERSONAL CODES\SECTION13\javafx-sdk-11.0.2\bin\api-ms-win-core-processthreads-l1-1-0.dll
0x000002b629890000 - 0x000002b629893000 	F:\[FreeCourseSite.com] Udemy - Java Programming Masterclass for Software Developers\JAVA MASTERCLASS PERSONAL CODES\SECTION13\javafx-sdk-11.0.2\bin\api-ms-win-core-processthreads-l1-1-1.dll
0x000002b6294d0000 - 0x000002b6294d3000 	F:\[FreeCourseSite.com] Udemy - Java Programming Masterclass for Software Developers\JAVA MASTERCLASS PERSONAL CODES\SECTION13\javafx-sdk-11.0.2\bin\api-ms-win-core-profile-l1-1-0.dll
0x000002b6294e0000 - 0x000002b6294e3000 	F:\[FreeCourseSite.com] Udemy - Java Programming Masterclass for Software Developers\JAVA MASTERCLASS PERSONAL CODES\SECTION13\javafx-sdk-11.0.2\bin\api-ms-win-core-rtlsupport-l1-1-0.dll
0x000002b6294f0000 - 0x000002b6294f3000 	F:\[FreeCourseSite.com] Udemy - Java Programming Masterclass for Software Developers\JAVA MASTERCLASS PERSONAL CODES\SECTION13\javafx-sdk-11.0.2\bin\api-ms-win-core-string-l1-1-0.dll
0x000002b629500000 - 0x000002b629503000 	F:\[FreeCourseSite.com] Udemy - Java Programming Masterclass for Software Developers\JAVA MASTERCLASS PERSONAL CODES\SECTION13\javafx-sdk-11.0.2\bin\api-ms-win-core-synch-l1-1-0.dll
0x000002b629510000 - 0x000002b629513000 	F:\[FreeCourseSite.com] Udemy - Java Programming Masterclass for Software Developers\JAVA MASTERCLASS PERSONAL CODES\SECTION13\javafx-sdk-11.0.2\bin\api-ms-win-core-synch-l1-2-0.dll
0x000002b629520000 - 0x000002b629523000 	F:\[FreeCourseSite.com] Udemy - Java Programming Masterclass for Software Developers\JAVA MASTERCLASS PERSONAL CODES\SECTION13\javafx-sdk-11.0.2\bin\api-ms-win-core-sysinfo-l1-1-0.dll
0x000002b629530000 - 0x000002b629533000 	F:\[FreeCourseSite.com] Udemy - Java Programming Masterclass for Software Developers\JAVA MASTERCLASS PERSONAL CODES\SECTION13\javafx-sdk-11.0.2\bin\api-ms-win-core-timezone-l1-1-0.dll
0x000002b629540000 - 0x000002b629543000 	F:\[FreeCourseSite.com] Udemy - Java Programming Masterclass for Software Developers\JAVA MASTERCLASS PERSONAL CODES\SECTION13\javafx-sdk-11.0.2\bin\api-ms-win-core-util-l1-1-0.dll
0x000002b629550000 - 0x000002b629553000 	F:\[FreeCourseSite.com] Udemy - Java Programming Masterclass for Software Developers\JAVA MASTERCLASS PERSONAL CODES\SECTION13\javafx-sdk-11.0.2\bin\api-ms-win-crt-conio-l1-1-0.dll
0x000002b629560000 - 0x000002b629564000 	F:\[FreeCourseSite.com] Udemy - Java Programming Masterclass for Software Developers\JAVA MASTERCLASS PERSONAL CODES\SECTION13\javafx-sdk-11.0.2\bin\api-ms-win-crt-convert-l1-1-0.dll
0x000002b629570000 - 0x000002b629573000 	F:\[FreeCourseSite.com] Udemy - Java Programming Masterclass for Software Developers\JAVA MASTERCLASS PERSONAL CODES\SECTION13\javafx-sdk-11.0.2\bin\api-ms-win-crt-environment-l1-1-0.dll
0x000002b629580000 - 0x000002b629583000 	F:\[FreeCourseSite.com] Udemy - Java Programming Masterclass for Software Developers\JAVA MASTERCLASS PERSONAL CODES\SECTION13\javafx-sdk-11.0.2\bin\api-ms-win-crt-filesystem-l1-1-0.dll
0x000002b629590000 - 0x000002b629593000 	F:\[FreeCourseSite.com] Udemy - Java Programming Masterclass for Software Developers\JAVA MASTERCLASS PERSONAL CODES\SECTION13\javafx-sdk-11.0.2\bin\api-ms-win-crt-heap-l1-1-0.dll
0x000002b6295a0000 - 0x000002b6295a3000 	F:\[FreeCourseSite.com] Udemy - Java Programming Masterclass for Software Developers\JAVA MASTERCLASS PERSONAL CODES\SECTION13\javafx-sdk-11.0.2\bin\api-ms-win-crt-locale-l1-1-0.dll
0x000002b6295b0000 - 0x000002b6295b5000 	F:\[FreeCourseSite.com] Udemy - Java Programming Masterclass for Software Developers\JAVA MASTERCLASS PERSONAL CODES\SECTION13\javafx-sdk-11.0.2\bin\api-ms-win-crt-math-l1-1-0.dll
0x000002b6295c0000 - 0x000002b6295c5000 	F:\[FreeCourseSite.com] Udemy - Java Programming Masterclass for Software Developers\JAVA MASTERCLASS PERSONAL CODES\SECTION13\javafx-sdk-11.0.2\bin\api-ms-win-crt-multibyte-l1-1-0.dll
0x000002b6295d0000 - 0x000002b6295e0000 	F:\[FreeCourseSite.com] Udemy - Java Programming Masterclass for Software Developers\JAVA MASTERCLASS PERSONAL CODES\SECTION13\javafx-sdk-11.0.2\bin\api-ms-win-crt-private-l1-1-0.dll
0x000002b6295e0000 - 0x000002b6295e3000 	F:\[FreeCourseSite.com] Udemy - Java Programming Masterclass for Software Developers\JAVA MASTERCLASS PERSONAL CODES\SECTION13\javafx-sdk-11.0.2\bin\api-ms-win-crt-process-l1-1-0.dll
0x000002b6295f0000 - 0x000002b6295f4000 	F:\[FreeCourseSite.com] Udemy - Java Programming Masterclass for Software Developers\JAVA MASTERCLASS PERSONAL CODES\SECTION13\javafx-sdk-11.0.2\bin\api-ms-win-crt-runtime-l1-1-0.dll
0x000002b629600000 - 0x000002b629604000 	F:\[FreeCourseSite.com] Udemy - Java Programming Masterclass for Software Developers\JAVA MASTERCLASS PERSONAL CODES\SECTION13\javafx-sdk-11.0.2\bin\api-ms-win-crt-stdio-l1-1-0.dll
0x000002b629610000 - 0x000002b629614000 	F:\[FreeCourseSite.com] Udemy - Java Programming Masterclass for Software Developers\JAVA MASTERCLASS PERSONAL CODES\SECTION13\javafx-sdk-11.0.2\bin\api-ms-win-crt-string-l1-1-0.dll
0x000002b629620000 - 0x000002b629623000 	F:\[FreeCourseSite.com] Udemy - Java Programming Masterclass for Software Developers\JAVA MASTERCLASS PERSONAL CODES\SECTION13\javafx-sdk-11.0.2\bin\api-ms-win-crt-time-l1-1-0.dll
0x000002b629630000 - 0x000002b629633000 	F:\[FreeCourseSite.com] Udemy - Java Programming Masterclass for Software Developers\JAVA MASTERCLASS PERSONAL CODES\SECTION13\javafx-sdk-11.0.2\bin\api-ms-win-crt-utility-l1-1-0.dll
0x00007fff3f210000 - 0x00007fff3f30a000 	F:\[FreeCourseSite.com] Udemy - Java Programming Masterclass for Software Developers\JAVA MASTERCLASS PERSONAL CODES\SECTION13\javafx-sdk-11.0.2\bin\ucrtbase.dll
0x00007fff99010000 - 0x00007fff99026000 	F:\[FreeCourseSite.com] Udemy - Java Programming Masterclass for Software Developers\JAVA MASTERCLASS PERSONAL CODES\SECTION13\javafx-sdk-11.0.2\bin\vcruntime140.dll
0x00007fff3f160000 - 0x00007fff3f206000 	F:\[FreeCourseSite.com] Udemy - Java Programming Masterclass for Software Developers\JAVA MASTERCLASS PERSONAL CODES\SECTION13\javafx-sdk-11.0.2\bin\msvcp140.dll
0x00007fff780f0000 - 0x00007fff78141000 	F:\[FreeCourseSite.com] Udemy - Java Programming Masterclass for Software Developers\JAVA MASTERCLASS PERSONAL CODES\SECTION13\javafx-sdk-11.0.2\bin\concrt140.dll
0x00007fff7aea0000 - 0x00007fff7aec3000 	F:\[FreeCourseSite.com] Udemy - Java Programming Masterclass for Software Developers\JAVA MASTERCLASS PERSONAL CODES\SECTION13\javafx-sdk-11.0.2\bin\prism_d3d.dll
0x00007fff8ca30000 - 0x00007fff8cbfe000 	C:\WINDOWS\system32\d3d9.dll
0x00007fff9e6c0000 - 0x00007fff9e6ef000 	C:\WINDOWS\SYSTEM32\dwmapi.dll
0x00007fff9e4f0000 - 0x00007fff9e58e000 	C:\WINDOWS\system32\uxtheme.dll
0x00007fff3a4d0000 - 0x00007fff3a691000 	C:\Windows\System32\DriverStore\FileRepository\iigd_dch.inf_amd64_9060c624376479b7\igdumdim64.dll
0x00007fff922c0000 - 0x00007fff923da000 	C:\Windows\System32\DriverStore\FileRepository\iigd_dch.inf_amd64_9060c624376479b7\igdgmm64.dll
0x00007fff2f930000 - 0x00007fff332b2000 	C:\Windows\System32\DriverStore\FileRepository\iigd_dch.inf_amd64_9060c624376479b7\igd9dxva64.dll
0x00007fffa1ee0000 - 0x00007fffa200a000 	C:\WINDOWS\System32\OLE32.dll
0x00007fffa1c80000 - 0x00007fffa1d4d000 	C:\WINDOWS\System32\OLEAUT32.dll
0x00007fff75660000 - 0x00007fff756a5000 	F:\[FreeCourseSite.com] Udemy - Java Programming Masterclass for Software Developers\JAVA MASTERCLASS PERSONAL CODES\SECTION13\javafx-sdk-11.0.2\bin\glass.dll
0x00007fffa3150000 - 0x00007fffa322a000 	C:\WINDOWS\System32\COMDLG32.dll
0x00007fffa1db0000 - 0x00007fffa1ec5000 	C:\WINDOWS\System32\MSCTF.dll
0x00007fff89ae0000 - 0x00007fff89b01000 	C:\Windows\System32\DriverStore\FileRepository\iigd_dch.inf_amd64_9060c624376479b7\igdinfo64.dll
0x00007fff90230000 - 0x00007fff921f5000 	C:\Windows\System32\DriverStore\FileRepository\iigd_dch.inf_amd64_9060c624376479b7\igc64.dll
0x00007fff948b0000 - 0x00007fff948eb000 	C:\WINDOWS\SYSTEM32\dxcore.dll
0x00007fffa1130000 - 0x00007fffa117e000 	C:\WINDOWS\System32\cfgmgr32.dll
0x00007fff98f30000 - 0x00007fff98f44000 	F:\[FreeCourseSite.com] Udemy - Java Programming Masterclass for Software Developers\JAVA MASTERCLASS PERSONAL CODES\SECTION13\javafx-sdk-11.0.2\bin\javafx_font.dll
0x00007fff8e500000 - 0x00007fff8e77f000 	C:\WINDOWS\SYSTEM32\dwrite.dll
0x00007fffa3500000 - 0x00007fffa35a9000 	C:\WINDOWS\System32\clbcatq.dll
0x00007fff97760000 - 0x00007fff97914000 	C:\WINDOWS\SYSTEM32\WindowsCodecs.dll
0x00007fffa1180000 - 0x00007fffa11a7000 	C:\WINDOWS\System32\bcrypt.dll
0x00007fff9a7b0000 - 0x00007fff9a7ee000 	C:\WINDOWS\system32\dataexchange.dll
0x00007fff9cd60000 - 0x00007fff9cfc4000 	C:\WINDOWS\system32\d3d11.dll
0x00007fff9d590000 - 0x00007fff9d775000 	C:\WINDOWS\system32\dcomp.dll
0x00007fff9f740000 - 0x00007fff9f833000 	C:\WINDOWS\system32\dxgi.dll
0x00007fff98280000 - 0x00007fff98488000 	C:\WINDOWS\system32\twinapi.appcore.dll
0x00007fff62b70000 - 0x00007fff62ba4000 	C:\Program Files\Common Files\Microsoft Shared\Ink\rtscom.dll
0x00007fff928b0000 - 0x00007fff929ac000 	C:\WINDOWS\SYSTEM32\textinputframework.dll
0x00007fff9d780000 - 0x00007fff9dade000 	C:\WINDOWS\System32\CoreUIComponents.dll
0x00007fff9de60000 - 0x00007fff9df52000 	C:\WINDOWS\System32\CoreMessaging.dll
0x00007fff9fb30000 - 0x00007fff9fb63000 	C:\WINDOWS\SYSTEM32\ntmarta.dll
0x00007fff9c7a0000 - 0x00007fff9c8f6000 	C:\WINDOWS\SYSTEM32\wintypes.dll
0x00007fff76d90000 - 0x00007fff76dbc000 	F:\[FreeCourseSite.com] Udemy - Java Programming Masterclass for Software Developers\JAVA MASTERCLASS PERSONAL CODES\SECTION13\javafx-sdk-11.0.2\bin\javafx_iio.dll
0x00007fffa02a0000 - 0x00007fffa036b000 	C:\WINDOWS\SYSTEM32\DNSAPI.dll
0x00007fffa0260000 - 0x00007fffa029b000 	C:\WINDOWS\SYSTEM32\IPHLPAPI.DLL
0x00007fffa2640000 - 0x00007fffa2648000 	C:\WINDOWS\System32\NSI.dll
0x00007fff99070000 - 0x00007fff9907a000 	C:\Windows\System32\rasadhlp.dll
0x00007fff900d0000 - 0x00007fff9014f000 	C:\WINDOWS\System32\fwpuclnt.dll

dbghelp: loaded successfully - version: 4.0.5 - missing functions: none
symbol engine: initialized successfully - sym options: 0x614 - pdb path: .;C:\Users\Asus\.jdks\corretto-11.0.7-1\bin;C:\WINDOWS\SYSTEM32;C:\WINDOWS\WinSxS\amd64_microsoft.windows.common-controls_6595b64144ccf1df_6.0.19041.488_none_ca04af081b815d21;C:\Users\Asus\.jdks\corretto-11.0.7-1\bin\server;D:\IntelliJ IDEA 2019.3.3\bin;F:\[FreeCourseSite.com] Udemy - Java Programming Masterclass for Software Developers\JAVA MASTERCLASS PERSONAL CODES\SECTION13\javafx-sdk-11.0.2\bin;C:\Windows\System32\DriverStore\FileRepository\iigd_dch.inf_amd64_9060c624376479b7;C:\Program Files\Common Files\Microsoft Shared\Ink

VM Arguments:
jvm_args: -javaagent:D:\IntelliJ IDEA 2019.3.3\lib\idea_rt.jar=59617:D:\IntelliJ IDEA 2019.3.3\bin -Dfile.encoding=UTF-8 --module-path=F:\HISHAM_CSE  ASUS\CSE L-1,T-2\CSE 108 SESSIONAL\CSE 108 SESSIONAL\Week 10\1805004\Client\out\production\Client;F:\[FreeCourseSite.com] Udemy - Java Programming Masterclass for Software Developers\JAVA MASTERCLASS PERSONAL CODES\SECTION13\javafx-sdk-11.0.2\lib\javafx-swt.jar;F:\[FreeCourseSite.com] Udemy - Java Programming Masterclass for Software Developers\JAVA MASTERCLASS PERSONAL CODES\SECTION13\javafx-sdk-11.0.2\lib\javafx.base.jar;F:\[FreeCourseSite.com] Udemy - Java Programming Masterclass for Software Developers\JAVA MASTERCLASS PERSONAL CODES\SECTION13\javafx-sdk-11.0.2\lib\javafx.controls.jar;F:\[FreeCourseSite.com] Udemy - Java Programming Masterclass for Software Developers\JAVA MASTERCLASS PERSONAL CODES\SECTION13\javafx-sdk-11.0.2\lib\javafx.fxml.jar;F:\[FreeCourseSite.com] Udemy - Java Programming Masterclass for Software Developers\JAVA MASTERCLASS PERSONAL CODES\SECTION13\javafx-sdk-11.0.2\lib\javafx.graphics.jar;F:\[FreeCourseSite.com] Udemy - Java Programming Masterclass for Software Developers\JAVA MASTERCLASS PERSONAL CODES\SECTION13\javafx-sdk-11.0.2\lib\javafx.media.jar;F:\[FreeCourseSite.com] Udemy - Java Programming Masterclass for Software Developers\JAVA MASTERCLASS PERSONAL CODES\SECTION13\javafx-sdk-11.0.2\lib\javafx.swing.jar;F:\[FreeCourseSite.com] Udemy - Java Programming Masterclass for Software Developers\JAVA MASTERCLASS PERSONAL CODES\SECTION13\javafx-sdk-11.0.2\lib\javafx.web.jar;C:\Users\Asus\.m2\repository\io\github\typhon0\AnimateFX\1.2.1\AnimateFX-1.2.1.jar;F:\[FreeCourseSite.com] Udemy - Java Programming Masterclass for Software Developers\JAVA MASTERCLASS PERSONAL CODES\SECTION13\fontawesomefx-8.9.jar -Djdk.module.main=Client 
java_command: Client/sample.Main
java_class_path (initial): <not set>
Launcher Type: SUN_STANDARD

[Global flags]
     intx CICompilerCount                          = 4                                         {product} {ergonomic}
     uint ConcGCThreads                            = 3                                         {product} {ergonomic}
     uint G1ConcRefinementThreads                  = 10                                        {product} {ergonomic}
   size_t G1HeapRegionSize                         = 1048576                                   {product} {ergonomic}
    uintx GCDrainStackTargetSize                   = 64                                        {product} {ergonomic}
   size_t InitialHeapSize                          = 132120576                                 {product} {ergonomic}
   size_t MarkStackSize                            = 4194304                                   {product} {ergonomic}
   size_t MaxHeapSize                              = 2109734912                                {product} {ergonomic}
   size_t MaxNewSize                               = 1265631232                                {product} {ergonomic}
   size_t MinHeapDeltaBytes                        = 1048576                                   {product} {ergonomic}
    uintx NonNMethodCodeHeapSize                   = 5836300                                {pd product} {ergonomic}
    uintx NonProfiledCodeHeapSize                  = 122910970                              {pd product} {ergonomic}
    uintx ProfiledCodeHeapSize                     = 122910970                              {pd product} {ergonomic}
    uintx ReservedCodeCacheSize                    = 251658240                              {pd product} {ergonomic}
     bool SegmentedCodeCache                       = true                                      {product} {ergonomic}
     bool UseCompressedClassPointers               = true                                 {lp64_product} {ergonomic}
     bool UseCompressedOops                        = true                                 {lp64_product} {ergonomic}
     bool UseG1GC                                  = true                                      {product} {ergonomic}
     bool UseLargePagesIndividualAllocation        = false                                  {pd product} {ergonomic}

Logging:
Log output configuration:
 #0: stdout all=warning uptime,level,tags
 #1: stderr all=off uptime,level,tags

Environment Variables:
PATH=C:\Program Files (x86)\Intel\Intel(R) Management Engine Components\iCLS\;C:\Program Files\Intel\Intel(R) Management Engine Components\iCLS\;C:\Windows\system32;C:\Windows;C:\Windows\System32\Wbem;C:\Windows\System32\WindowsPowerShell\v1.0\;C:\Windows\System32\OpenSSH\;C:\Program Files (x86)\Intel\Intel(R) Management Engine Components\DAL;C:\Program Files\Intel\Intel(R) Management Engine Components\DAL;C:\Program Files (x86)\Intel\Intel(R) Management Engine Components\IPT;C:\Program Files\Intel\Intel(R) Management Engine Components\IPT;C:\Program Files\Intel\WiFi\bin\;C:\Program Files\Common Files\Intel\WirelessCommon\;C:\Program Files\NVIDIA Corporation\NVIDIA NvDLISR;C:\Program Files (x86)\NVIDIA Corporation\PhysX\Common;C:\Program Files\SourceGear\Common\DiffMerge\;E:\Git\cmd;C:\WINDOWS\system32;C:\WINDOWS;C:\WINDOWS\System32\Wbem;C:\WINDOWS\System32\WindowsPowerShell\v1.0\;C:\WINDOWS\System32\OpenSSH\;C:\Users\Asus\AppData\Local\Programs\Python\Python38-32\Scripts\;C:\Users\Asus\AppData\Local\Programs\Python\Python38-32\;C:\Program Files (x86)\Intel\Intel(R) Management Engine Components\iCLS\;C:\Program Files\Intel\Intel(R) Management Engine Components\iCLS\;C:\Windows\system32;C:\Windows;C:\Windows\System32\Wbem;C:\Windows\System32\WindowsPowerShell\v1.0\;C:\Windows\System32\OpenSSH\;C:\Program Files (x86)\Intel\Intel(R) Management Engine Components\DAL;C:\Program Files\Intel\Intel(R) Management Engine Components\DAL;C:\Program Files (x86)\Intel\Intel(R) Management Engine Components\IPT;C:\Program Files\Intel\Intel(R) Management Engine Components\IPT;C:\Program Files\Intel\WiFi\bin\;C:\Program Files\Common Files\Intel\WirelessCommon\;C:\Program Files\NVIDIA Corporation\NVIDIA NvDLISR;C:\Program Files (x86)\NVIDIA Corporation\PhysX\Common;C:\Users\Asus\AppData\Local\Microsoft\WindowsApps;D:\IntelliJ IDEA 2019.3.3\bin;C:\Program Files\Java\jdk-11.0.6\bin;D:\PyCharm 2020.1\bi;C:\Users\Asus\AppData\Local\atom
USERNAME=Asus
OS=Windows_NT
PROCESSOR_IDENTIFIER=Intel64 Family 6 Model 158 Stepping 10, GenuineIntel



---------------  S Y S T E M  ---------------

OS: Windows 10 , 64 bit Build 19041 (10.0.19041.546)
OS uptime: 2 days 9:24 hours

CPU:total 12 (initial active 12) (6 cores per cpu, 2 threads per core) family 6 model 158 stepping 10, cmov, cx8, fxsr, mmx, sse, sse2, sse3, ssse3, sse4.1, sse4.2, popcnt, avx, avx2, aes, clmul, erms, 3dnowpref, lzcnt, ht, tsc, tscinvbit, bmi1, bmi2, adx, fma

Memory: 4k page, system-wide physical 8042M (1078M free)
TotalPageFile size 18670M (AvailPageFile size 2444M)
current process WorkingSet (physical memory assigned to process): 171M, peak: 199M
current process commit charge ("private bytes"): 302M, peak: 329M

vm_info: OpenJDK 64-Bit Server VM (11.0.7+10-LTS) for windows-amd64 JRE (11.0.7+10-LTS), built on Apr 10 2020 08:08:39 by "Administrator" with MS VC++ 15.9 (VS2017)

END.
